2025-11-03 16:01:08Z [main] INFO  c.e.U.UserServiceApplication - Starting UserServiceApplication using Java 23.0.1 with PID 7448 (C:\Users\admin\Desktop\origin\MicroserviceRESTfulAPI\UserService\target\classes started by admin in C:\Users\admin\Desktop\origin\MicroserviceRESTfulAPI\UserService)
2025-11-03 16:01:08Z [main] INFO  c.e.U.UserServiceApplication - No active profile set, falling back to 1 default profile: "default"
2025-11-03 16:01:09Z [main] INFO  o.s.b.w.e.tomcat.TomcatWebServer - Tomcat initialized with port 8080 (http)
2025-11-03 16:01:09Z [main] INFO  o.a.coyote.http11.Http11NioProtocol - Initializing ProtocolHandler ["http-nio-8080"]
2025-11-03 16:01:09Z [main] INFO  o.a.catalina.core.StandardService - Starting service [Tomcat]
2025-11-03 16:01:09Z [main] INFO  o.a.catalina.core.StandardEngine - Starting Servlet engine: [Apache Tomcat/10.1.48]
2025-11-03 16:01:09Z [main] INFO  o.a.c.c.C.[Tomcat].[localhost].[/] - Initializing Spring embedded WebApplicationContext
2025-11-03 16:01:09Z [main] INFO  o.s.b.w.s.c.ServletWebServerApplicationContext - Root WebApplicationContext: initialization completed in 1307 ms
2025-11-03 16:01:10Z [main] INFO  o.s.b.a.e.web.EndpointLinksResolver - Exposing 1 endpoint beneath base path '/actuator'
2025-11-03 16:01:10Z [main] INFO  o.a.coyote.http11.Http11NioProtocol - Starting ProtocolHandler ["http-nio-8080"]
2025-11-03 16:01:10Z [main] INFO  o.s.b.w.e.tomcat.TomcatWebServer - Tomcat started on port 8080 (http) with context path '/'
2025-11-03 16:01:10Z [main] INFO  c.e.U.UserServiceApplication - Started UserServiceApplication in 2.864 seconds (process running for 3.256)
2025-11-03 16:01:50Z [SpringApplicationShutdownHook] INFO  o.s.b.w.e.tomcat.GracefulShutdown - Commencing graceful shutdown. Waiting for active requests to complete
2025-11-03 16:01:50Z [tomcat-shutdown] INFO  o.s.b.w.e.tomcat.GracefulShutdown - Graceful shutdown complete
2025-11-03 16:31:24Z [main] INFO  c.e.U.UserServiceApplication - Starting UserServiceApplication using Java 23.0.1 with PID 3632 (C:\Users\admin\Desktop\origin\MicroserviceRESTfulAPI\UserService\target\classes started by admin in C:\Users\admin\Desktop\origin\MicroserviceRESTfulAPI\UserService)
2025-11-03 16:31:24Z [main] INFO  c.e.U.UserServiceApplication - No active profile set, falling back to 1 default profile: "default"
2025-11-03 16:31:25Z [main] INFO  o.s.b.w.e.tomcat.TomcatWebServer - Tomcat initialized with port 8080 (http)
2025-11-03 16:31:25Z [main] INFO  o.a.coyote.http11.Http11NioProtocol - Initializing ProtocolHandler ["http-nio-8080"]
2025-11-03 16:31:25Z [main] INFO  o.a.catalina.core.StandardService - Starting service [Tomcat]
2025-11-03 16:31:25Z [main] INFO  o.a.catalina.core.StandardEngine - Starting Servlet engine: [Apache Tomcat/10.1.48]
2025-11-03 16:31:25Z [main] INFO  o.a.c.c.C.[Tomcat].[localhost].[/] - Initializing Spring embedded WebApplicationContext
2025-11-03 16:31:25Z [main] INFO  o.s.b.w.s.c.ServletWebServerApplicationContext - Root WebApplicationContext: initialization completed in 1349 ms
2025-11-03 16:31:26Z [main] INFO  o.s.b.a.e.web.EndpointLinksResolver - Exposing 1 endpoint beneath base path '/actuator'
2025-11-03 16:31:26Z [main] INFO  o.a.coyote.http11.Http11NioProtocol - Starting ProtocolHandler ["http-nio-8080"]
2025-11-03 16:31:26Z [main] INFO  o.s.b.w.e.tomcat.TomcatWebServer - Tomcat started on port 8080 (http) with context path '/'
2025-11-03 16:31:26Z [main] INFO  c.e.U.UserServiceApplication - Started UserServiceApplication in 2.888 seconds (process running for 3.245)
2025-11-03 16:32:09Z [http-nio-8080-exec-1] INFO  o.a.c.c.C.[Tomcat].[localhost].[/] - Initializing Spring DispatcherServlet 'dispatcherServlet'
2025-11-03 16:32:09Z [http-nio-8080-exec-1] INFO  o.s.web.servlet.DispatcherServlet - Initializing Servlet 'dispatcherServlet'
2025-11-03 16:32:09Z [http-nio-8080-exec-1] INFO  o.s.web.servlet.DispatcherServlet - Completed initialization in 1 ms
2025-11-03 16:33:33Z [SpringApplicationShutdownHook] INFO  o.s.b.w.e.tomcat.GracefulShutdown - Commencing graceful shutdown. Waiting for active requests to complete
2025-11-03 16:33:33Z [tomcat-shutdown] INFO  o.s.b.w.e.tomcat.GracefulShutdown - Graceful shutdown complete
